<?xml version="1.0" encoding="UTF-8"?>
<!-- Generated by org.testng.reporters.JUnitXMLReporter -->
<testsuite ignored="0" hostname="DESKTOP-LHLD9RJ" failures="0" tests="3" name="Test" time="6.065" errors="0" timestamp="2023-05-23T21:37:45 IST">
  <testcase classname="testClassPackage.POST_TC_1" name="execute" time="3.615"/>
  <testcase classname="testClassPackage.POST_TC_2" name="execute" time="1.23"/>
  <testcase classname="testClassPackage.POST_TC_3" name="execute" time="1.092"/>
</testsuite> <!-- Test -->
