<?xml version="1.0" encoding="UTF-8"?>
<testng-results ignored="0" total="3" passed="3" failed="0" skipped="0">
  <reporter-output>
  </reporter-output>
  <suite started-at="2023-05-23T21:37:39 IST" name="Suite" finished-at="2023-05-23T21:37:45 IST" duration-ms="6065">
    <groups>
    </groups>
    <test started-at="2023-05-23T21:37:39 IST" name="Test" finished-at="2023-05-23T21:37:45 IST" duration-ms="6065">
      <class name="testClassPackage.POST_TC_1">
        <test-method signature="execute()[pri:0, instance:testClassPackage.POST_TC_1@563f38c4]" started-at="2023-05-23T21:37:39 IST" name="execute" finished-at="2023-05-23T21:37:42 IST" duration-ms="3615" status="PASS">
          <reporter-output>
          </reporter-output>
        </test-method> <!-- execute -->
      </class> <!-- testClassPackage.POST_TC_1 -->
      <class name="testClassPackage.POST_TC_2">
        <test-method signature="execute()[pri:0, instance:testClassPackage.POST_TC_2@2034b64c]" started-at="2023-05-23T21:37:42 IST" name="execute" finished-at="2023-05-23T21:37:44 IST" duration-ms="1230" status="PASS">
          <reporter-output>
          </reporter-output>
        </test-method> <!-- execute -->
      </class> <!-- testClassPackage.POST_TC_2 -->
      <class name="testClassPackage.POST_TC_3">
        <test-method signature="execute()[pri:0, instance:testClassPackage.POST_TC_3@75d3a5e0]" started-at="2023-05-23T21:37:44 IST" name="execute" finished-at="2023-05-23T21:37:45 IST" duration-ms="1092" status="PASS">
          <reporter-output>
          </reporter-output>
        </test-method> <!-- execute -->
      </class> <!-- testClassPackage.POST_TC_3 -->
    </test> <!-- Test -->
  </suite> <!-- Suite -->
</testng-results>
